*** Starting uWSGI 2.0.15 (64bit) on [Thu Dec  7 17:52:14 2017] ***
compiled with version: 4.8.4 on 06 December 2017 17:38:52
os: Linux-3.13.0-86-generic #131-Ubuntu SMP Thu May 12 23:33:13 UTC 2016
nodename: ryan
machine: x86_64
clock source: unix
pcre jit disabled
detected number of CPU cores: 1
current working directory: /root/pro/pro
detected binary path: /root/.virtualenvs/pr/bin/uwsgi
uWSGI running as root, you can use --uid/--gid/--chroot options
*** WARNING: you are running uWSGI as root !!! (use the --uid flag) *** 
chdir() to /root/pro
*** WARNING: you are running uWSGI without its master process manager ***
your processes number limit is 7764
your memory page size is 4096 bytes
detected max file descriptor number: 65535
lock engine: pthread robust mutexes
thunder lock: disabled (you can enable it with --thunder-lock)
uWSGI http bound on 127.0.0.1:7777 fd 4
spawned uWSGI http 1 (pid: 30029)
uwsgi socket 0 bound to TCP address 127.0.0.1:45552 (port auto-assigned) fd 3
Python version: 3.5.0 (default, Dec  6 2017, 12:02:19)  [GCC 4.8.4]
Set PythonHome to /root/.virtualenvs/pr
*** Python threads support is disabled. You can enable it with --enable-threads ***
Python main interpreter initialized at 0x1f855c0
your server socket listen backlog is limited to 100 connections
your mercy for graceful operations on workers is 60 seconds
mapped 291072 bytes (284 KB) for 4 cores
*** Operational MODE: preforking ***
WSGI app 0 (mountpoint='') ready in 1 seconds on interpreter 0x1f855c0 pid: 30028 (default app)
*** uWSGI is running in multiple interpreter mode ***
spawned uWSGI worker 1 (pid: 30028, cores: 1)
spawned uWSGI worker 2 (pid: 30054, cores: 1)
spawned uWSGI worker 3 (pid: 30055, cores: 1)
spawned uWSGI worker 4 (pid: 30056, cores: 1)
*** Starting uWSGI 2.0.15 (64bit) on [Thu Dec  7 17:52:54 2017] ***
compiled with version: 4.8.4 on 06 December 2017 17:38:52
os: Linux-3.13.0-86-generic #131-Ubuntu SMP Thu May 12 23:33:13 UTC 2016
nodename: ryan
machine: x86_64
clock source: unix
pcre jit disabled
detected number of CPU cores: 1
current working directory: /root/pro/pro
detected binary path: /root/.virtualenvs/pr/bin/uwsgi
uWSGI running as root, you can use --uid/--gid/--chroot options
*** WARNING: you are running uWSGI as root !!! (use the --uid flag) *** 
chdir() to /root/pro
*** WARNING: you are running uWSGI without its master process manager ***
your processes number limit is 7764
your memory page size is 4096 bytes
detected max file descriptor number: 65535
lock engine: pthread robust mutexes
thunder lock: disabled (you can enable it with --thunder-lock)
uWSGI http bound on 127.0.0.1:7777 fd 4
spawned uWSGI http 1 (pid: 30141)
uwsgi socket 0 bound to TCP address 127.0.0.1:60354 (port auto-assigned) fd 3
Python version: 3.5.0 (default, Dec  6 2017, 12:02:19)  [GCC 4.8.4]
Set PythonHome to /root/.virtualenvs/pr
*** Python threads support is disabled. You can enable it with --enable-threads ***
Python main interpreter initialized at 0x13335c0
your server socket listen backlog is limited to 100 connections
your mercy for graceful operations on workers is 60 seconds
mapped 291072 bytes (284 KB) for 4 cores
*** Operational MODE: preforking ***
WSGI app 0 (mountpoint='') ready in 0 seconds on interpreter 0x13335c0 pid: 30140 (default app)
*** uWSGI is running in multiple interpreter mode ***
spawned uWSGI worker 1 (pid: 30140, cores: 1)
spawned uWSGI worker 2 (pid: 30166, cores: 1)
spawned uWSGI worker 3 (pid: 30167, cores: 1)
spawned uWSGI worker 4 (pid: 30168, cores: 1)
*** Starting uWSGI 2.0.15 (64bit) on [Thu Dec  7 17:55:09 2017] ***
compiled with version: 4.8.4 on 06 December 2017 17:38:52
os: Linux-3.13.0-86-generic #131-Ubuntu SMP Thu May 12 23:33:13 UTC 2016
nodename: ryan
machine: x86_64
clock source: unix
pcre jit disabled
detected number of CPU cores: 1
current working directory: /root/pro/pro
detected binary path: /root/.virtualenvs/pr/bin/uwsgi
uWSGI running as root, you can use --uid/--gid/--chroot options
*** WARNING: you are running uWSGI as root !!! (use the --uid flag) *** 
chdir() to /root/pro
*** WARNING: you are running uWSGI without its master process manager ***
your processes number limit is 7764
your memory page size is 4096 bytes
detected max file descriptor number: 65535
lock engine: pthread robust mutexes
thunder lock: disabled (you can enable it with --thunder-lock)
uWSGI http bound on 127.0.0.1:7777 fd 4
spawned uWSGI http 1 (pid: 30536)
uwsgi socket 0 bound to TCP address 127.0.0.1:37223 (port auto-assigned) fd 3
Python version: 3.5.0 (default, Dec  6 2017, 12:02:19)  [GCC 4.8.4]
Set PythonHome to /root/.virtualenvs/pr
*** Python threads support is disabled. You can enable it with --enable-threads ***
Python main interpreter initialized at 0x17425c0
your server socket listen backlog is limited to 100 connections
your mercy for graceful operations on workers is 60 seconds
mapped 291072 bytes (284 KB) for 4 cores
*** Operational MODE: preforking ***
WSGI app 0 (mountpoint='') ready in 1 seconds on interpreter 0x17425c0 pid: 30535 (default app)
*** uWSGI is running in multiple interpreter mode ***
spawned uWSGI worker 1 (pid: 30535, cores: 1)
spawned uWSGI worker 2 (pid: 30561, cores: 1)
spawned uWSGI worker 3 (pid: 30562, cores: 1)
spawned uWSGI worker 4 (pid: 30563, cores: 1)
